[WARN ] 2021-06-23 11:19:47.030 [background-preinit] Jackson2ObjectMapperBuilder (127) - For Jackson Kotlin classes support please add "com.fasterxml.jackson.module:jackson-module-kotlin" to the classpath
[INFO ] 2021-06-23 11:19:47.634 [main] RepositoryConfigurationDelegate (262) - Multiple Spring Data modules found, entering strict repository configuration mode!
[INFO ] 2021-06-23 11:19:47.635 [main] RepositoryConfigurationDelegate (132) - Bootstrapping Spring Data JDBC repositories in DEFAULT mode.
[INFO ] 2021-06-23 11:19:47.654 [main] RepositoryConfigurationExtensionSupport (349) - Spring Data JDBC - Could not safely identify store assignment for repository candidate interface com.nico5310.PayMyBuddy.repository.AccountRepository. If you want this repository to be a JDBC repository, consider annotating your entities with one of these annotations: org.springframework.data.relational.core.mapping.Table.
[INFO ] 2021-06-23 11:19:47.655 [main] RepositoryConfigurationExtensionSupport (349) - Spring Data JDBC - Could not safely identify store assignment for repository candidate interface com.nico5310.PayMyBuddy.repository.ContactRepository. If you want this repository to be a JDBC repository, consider annotating your entities with one of these annotations: org.springframework.data.relational.core.mapping.Table.
[INFO ] 2021-06-23 11:19:47.656 [main] RepositoryConfigurationExtensionSupport (349) - Spring Data JDBC - Could not safely identify store assignment for repository candidate interface com.nico5310.PayMyBuddy.repository.MovementRepository. If you want this repository to be a JDBC repository, consider annotating your entities with one of these annotations: org.springframework.data.relational.core.mapping.Table.
[INFO ] 2021-06-23 11:19:47.657 [main] RepositoryConfigurationExtensionSupport (349) - Spring Data JDBC - Could not safely identify store assignment for repository candidate interface com.nico5310.PayMyBuddy.repository.TransactionRepository. If you want this repository to be a JDBC repository, consider annotating your entities with one of these annotations: org.springframework.data.relational.core.mapping.Table.
[INFO ] 2021-06-23 11:19:47.658 [main] RepositoryConfigurationExtensionSupport (349) - Spring Data JDBC - Could not safely identify store assignment for repository candidate interface com.nico5310.PayMyBuddy.repository.UserRepository. If you want this repository to be a JDBC repository, consider annotating your entities with one of these annotations: org.springframework.data.relational.core.mapping.Table.
[INFO ] 2021-06-23 11:19:47.658 [main] RepositoryConfigurationDelegate (201) - Finished Spring Data repository scanning in 20 ms. Found 0 JDBC repository interfaces.
[INFO ] 2021-06-23 11:19:47.664 [main] RepositoryConfigurationDelegate (262) - Multiple Spring Data modules found, entering strict repository configuration mode!
[INFO ] 2021-06-23 11:19:47.664 [main] RepositoryConfigurationDelegate (132) - Bootstrapping Spring Data JPA repositories in DEFAULT mode.
[INFO ] 2021-06-23 11:19:47.688 [main] RepositoryConfigurationDelegate (201) - Finished Spring Data repository scanning in 21 ms. Found 5 JPA repository interfaces.
[INFO ] 2021-06-23 11:19:47.885 [main] PostProcessorRegistrationDelegate$BeanPostProcessorChecker (376) - Bean 'org.springframework.security.access.expression.method.DefaultMethodSecurityExpressionHandler@7573b9ee' of type [org.springframework.security.access.expression.method.DefaultMethodSecurityExpressionHandler] is not eligible for getting processed by all BeanPostProcessors (for example: not eligible for auto-proxying)
[INFO ] 2021-06-23 11:19:47.889 [main] PostProcessorRegistrationDelegate$BeanPostProcessorChecker (376) - Bean 'methodSecurityMetadataSource' of type [org.springframework.security.access.method.DelegatingMethodSecurityMetadataSource] is not eligible for getting processed by all BeanPostProcessors (for example: not eligible for auto-proxying)
[INFO ] 2021-06-23 11:19:47.904 [main] PostProcessorRegistrationDelegate$BeanPostProcessorChecker (376) - Bean 'management.metrics-org.springframework.boot.actuate.autoconfigure.metrics.MetricsProperties' of type [org.springframework.boot.actuate.autoconfigure.metrics.MetricsProperties] is not eligible for getting processed by all BeanPostProcessors (for example: not eligible for auto-proxying)
[INFO ] 2021-06-23 11:19:47.904 [main] PostProcessorRegistrationDelegate$BeanPostProcessorChecker (376) - Bean 'org.springframework.boot.actuate.autoconfigure.metrics.data.RepositoryMetricsAutoConfiguration' of type [org.springframework.boot.actuate.autoconfigure.metrics.data.RepositoryMetricsAutoConfiguration] is not eligible for getting processed by all BeanPostProcessors (for example: not eligible for auto-proxying)
[INFO ] 2021-06-23 11:19:47.905 [main] PostProcessorRegistrationDelegate$BeanPostProcessorChecker (376) - Bean 'org.springframework.boot.actuate.autoconfigure.metrics.export.simple.SimpleMetricsExportAutoConfiguration' of type [org.springframework.boot.actuate.autoconfigure.metrics.export.simple.SimpleMetricsExportAutoConfiguration] is not eligible for getting processed by all BeanPostProcessors (for example: not eligible for auto-proxying)
[INFO ] 2021-06-23 11:19:47.906 [main] PostProcessorRegistrationDelegate$BeanPostProcessorChecker (376) - Bean 'management.metrics.export.simple-org.springframework.boot.actuate.autoconfigure.metrics.export.simple.SimpleProperties' of type [org.springframework.boot.actuate.autoconfigure.metrics.export.simple.SimpleProperties] is not eligible for getting processed by all BeanPostProcessors (for example: not eligible for auto-proxying)
[INFO ] 2021-06-23 11:19:47.908 [main] PostProcessorRegistrationDelegate$BeanPostProcessorChecker (376) - Bean 'simpleConfig' of type [org.springframework.boot.actuate.autoconfigure.metrics.export.simple.SimplePropertiesConfigAdapter] is not eligible for getting processed by all BeanPostProcessors (for example: not eligible for auto-proxying)
[INFO ] 2021-06-23 11:19:47.910 [main] PostProcessorRegistrationDelegate$BeanPostProcessorChecker (376) - Bean 'org.springframework.boot.actuate.autoconfigure.metrics.MetricsAutoConfiguration' of type [org.springframework.boot.actuate.autoconfigure.metrics.MetricsAutoConfiguration] is not eligible for getting processed by all BeanPostProcessors (for example: not eligible for auto-proxying)
[INFO ] 2021-06-23 11:19:47.910 [main] PostProcessorRegistrationDelegate$BeanPostProcessorChecker (376) - Bean 'micrometerClock' of type [io.micrometer.core.instrument.Clock$1] is not eligible for getting processed by all BeanPostProcessors (for example: not eligible for auto-proxying)
[INFO ] 2021-06-23 11:19:47.919 [main] PostProcessorRegistrationDelegate$BeanPostProcessorChecker (376) - Bean 'simpleMeterRegistry' of type [io.micrometer.core.instrument.simple.SimpleMeterRegistry] is not eligible for getting processed by all BeanPostProcessors (for example: not eligible for auto-proxying)
[INFO ] 2021-06-23 11:19:47.923 [main] PostProcessorRegistrationDelegate$BeanPostProcessorChecker (376) - Bean 'repositoryTagsProvider' of type [org.springframework.boot.actuate.metrics.data.DefaultRepositoryTagsProvider] is not eligible for getting processed by all BeanPostProcessors (for example: not eligible for auto-proxying)
[INFO ] 2021-06-23 11:19:47.923 [main] PostProcessorRegistrationDelegate$BeanPostProcessorChecker (376) - Bean 'metricsRepositoryMethodInvocationListener' of type [org.springframework.boot.actuate.metrics.data.MetricsRepositoryMethodInvocationListener] is not eligible for getting processed by all BeanPostProcessors (for example: not eligible for auto-proxying)
[INFO ] 2021-06-23 11:19:48.058 [main] TomcatWebServer (108) - Tomcat initialized with port(s): 8080 (http)
[INFO ] 2021-06-23 11:19:48.063 [main] Http11NioProtocol (173) - Initializing ProtocolHandler ["http-nio-8080"]
[INFO ] 2021-06-23 11:19:48.064 [main] StandardService (173) - Starting service [Tomcat]
[INFO ] 2021-06-23 11:19:48.064 [main] StandardEngine (173) - Starting Servlet engine: [Apache Tomcat/9.0.46]
[INFO ] 2021-06-23 11:19:48.147 [main] [/] (173) - Initializing Spring embedded WebApplicationContext
[INFO ] 2021-06-23 11:19:48.147 [main] ServletWebServerApplicationContext (290) - Root WebApplicationContext: initialization completed in 1135 ms
[INFO ] 2021-06-23 11:19:48.261 [main] LogHelper (31) - HHH000204: Processing PersistenceUnitInfo [name: default]
[INFO ] 2021-06-23 11:19:48.293 [main] Version (44) - HHH000412: Hibernate ORM core version 5.4.31.Final
[INFO ] 2021-06-23 11:19:48.368 [main] Version (56) - HCANN000001: Hibernate Commons Annotations {5.1.2.Final}
[INFO ] 2021-06-23 11:19:48.434 [main] HikariDataSource (110) - HikariPool-1 - Starting...
[INFO ] 2021-06-23 11:19:48.509 [main] HikariDataSource (123) - HikariPool-1 - Start completed.
[INFO ] 2021-06-23 11:19:48.517 [main] Dialect (175) - HHH000400: Using dialect: org.hibernate.dialect.MySQL5Dialect
[INFO ] 2021-06-23 11:19:48.983 [main] JtaPlatformInitiator (52) - HHH000490: Using JtaPlatform implementation: [org.hibernate.engine.transaction.jta.platform.internal.NoJtaPlatform]
[INFO ] 2021-06-23 11:19:48.991 [main] LocalContainerEntityManagerFactoryBean (437) - Initialized JPA EntityManagerFactory for persistence unit 'default'
[WARN ] 2021-06-23 11:19:49.349 [main] JpaBaseConfiguration$JpaWebConfiguration (219) - spring.jpa.open-in-view is enabled by default. Therefore, database queries may be performed during view rendering. Explicitly configure spring.jpa.open-in-view to disable this warning
[INFO ] 2021-06-23 11:19:49.465 [main] DefaultSecurityFilterChain (51) - Will secure any request with [org.springframework.security.web.context.request.async.WebAsyncManagerIntegrationFilter@20cf3ab3, org.springframework.security.web.context.SecurityContextPersistenceFilter@22ba30b0, org.springframework.security.web.header.HeaderWriterFilter@fef2768, org.springframework.security.web.csrf.CsrfFilter@53b9952f, org.springframework.security.web.authentication.logout.LogoutFilter@76ebd595, org.springframework.security.web.authentication.UsernamePasswordAuthenticationFilter@29a1dab3, org.springframework.security.web.savedrequest.RequestCacheAwareFilter@20608ef4, org.springframework.security.web.servletapi.SecurityContextHolderAwareRequestFilter@7611e295, org.springframework.security.web.authentication.AnonymousAuthenticationFilter@1acfc058, org.springframework.security.web.session.SessionManagementFilter@733e3c19, org.springframework.security.web.access.ExceptionTranslationFilter@7ca8f5d7, org.springframework.security.web.access.intercept.FilterSecurityInterceptor@390978]
[INFO ] 2021-06-23 11:19:49.609 [main] WelcomePageHandlerMapping (57) - Adding welcome page template: index
[INFO ] 2021-06-23 11:19:49.882 [main] EndpointLinksResolver (58) - Exposing 1 endpoint(s) beneath base path '/actuator'
[INFO ] 2021-06-23 11:19:49.913 [main] Http11NioProtocol (173) - Starting ProtocolHandler ["http-nio-8080"]
[INFO ] 2021-06-23 11:19:49.927 [main] TomcatWebServer (220) - Tomcat started on port(s): 8080 (http) with context path ''
[INFO ] 2021-06-23 11:19:49.941 [main] ApplicationAvailabilityBean (75) - Application availability state LivenessState changed to CORRECT
[INFO ] 2021-06-23 11:19:49.942 [main] ApplicationAvailabilityBean (75) - Application availability state ReadinessState changed to ACCEPTING_TRAFFIC
[INFO ] 2021-06-23 11:19:50.070 [http-nio-8080-exec-1] [/] (173) - Initializing Spring DispatcherServlet 'dispatcherServlet'
[INFO ] 2021-06-23 11:19:50.070 [http-nio-8080-exec-1] DispatcherServlet (525) - Initializing Servlet 'dispatcherServlet'
[INFO ] 2021-06-23 11:19:50.071 [http-nio-8080-exec-1] DispatcherServlet (547) - Completed initialization in 1 ms
[WARN ] 2021-06-23 11:19:50.557 [http-nio-8080-exec-1] SessionIdGeneratorBase (173) - Creation of SecureRandom instance for session ID generation using [SHA1PRNG] took [281] milliseconds.
